# JRE version: OpenJDK Runtime Environment (8.0_152-b06) (build 1.8.0_152-release-1136-b06)
# Java VM: OpenJDK 64-Bit Server VM (25.152-b06 mixed mode windows-amd64 compressed oops)
Heap:
 PSYoungGen      total 487424K, used 135328K [0x00000000e0000000, 0x00000000ffe80000, 0x0000000100000000)
  eden space 452096K, 29% used [0x00000000e0000000,0x00000000e80f58a0,0x00000000fb980000)
  from space 35328K, 9% used [0x00000000fdc00000,0x00000000fdf32868,0x00000000ffe80000)
  to   space 35328K, 0% used [0x00000000fb980000,0x00000000fb980000,0x00000000fdc00000)
 ParOldGen       total 179200K, used 98640K [0x00000000a0000000, 0x00000000aaf00000, 0x00000000e0000000)
  object space 179200K, 55% used [0x00000000a0000000,0x00000000a60541e0,0x00000000aaf00000)
 Metaspace       used 102336K, capacity 110145K, committed 110284K, reserved 1144832K
  class space    used 12663K, capacity 14034K, committed 14080K, reserved 1048576K
GC Heap History (10 events):
Event: 18917.145 GC heap before
{Heap before GC invocations=78 (full 4):
 PSYoungGen      total 366080K, used 360085K [0x00000000e0000000, 0x00000000fb500000, 0x0000000100000000)
  eden space 331264K, 100% used [0x00000000e0000000,0x00000000f4380000,0x00000000f4380000)
  from space 34816K, 82% used [0x00000000f4380000,0x00000000f5fa55f8,0x00000000f6580000)
  to   space 37888K, 0% used [0x00000000f9000000,0x00000000f9000000,0x00000000fb500000)
 ParOldGen       total 179200K, used 69141K [0x00000000a0000000, 0x00000000aaf00000, 0x00000000e0000000)
  object space 179200K, 38% used [0x00000000a0000000,0x00000000a4385458,0x00000000aaf00000)
 Metaspace       used 101990K, capacity 109743K, committed 110028K, reserved 1144832K
  class space    used 12651K, capacity 14013K, committed 14080K, reserved 1048576K
Event: 18917.227 GC heap after
Heap after GC invocations=78 (full 4):
 PSYoungGen      total 409600K, used 18634K [0x00000000e0000000, 0x00000000fb380000, 0x0000000100000000)
  eden space 373248K, 0% used [0x00000000e0000000,0x00000000e0000000,0x00000000f6c80000)
  from space 36352K, 51% used [0x00000000f9000000,0x00000000fa232858,0x00000000fb380000)
  to   space 36352K, 0% used [0x00000000f6c80000,0x00000000f6c80000,0x00000000f9000000)
 ParOldGen       total 179200K, used 84388K [0x00000000a0000000, 0x00000000aaf00000, 0x00000000e0000000)
  object space 179200K, 47% used [0x00000000a0000000,0x00000000a5269030,0x00000000aaf00000)
 Metaspace       used 101990K, capacity 109743K, committed 110028K, reserved 1144832K
  class space    used 12651K, capacity 14013K, committed 14080K, reserved 1048576K
}
Event: 18920.881 GC heap before
{Heap before GC invocations=79 (full 4):
 PSYoungGen      total 409600K, used 391882K [0x00000000e0000000, 0x00000000fb380000, 0x0000000100000000)
  eden space 373248K, 100% used [0x00000000e0000000,0x00000000f6c80000,0x00000000f6c80000)
  from space 36352K, 51% used [0x00000000f9000000,0x00000000fa232858,0x00000000fb380000)
  to   space 36352K, 0% used [0x00000000f6c80000,0x00000000f6c80000,0x00000000f9000000)
 ParOldGen       total 179200K, used 84388K [0x00000000a0000000, 0x00000000aaf00000, 0x00000000e0000000)
  object space 179200K, 47% used [0x00000000a0000000,0x00000000a5269030,0x00000000aaf00000)
 Metaspace       used 102133K, capacity 109875K, committed 110028K, reserved 1144832K
  class space    used 12651K, capacity 14013K, committed 14080K, reserved 1048576K
Event: 18920.896 GC heap after
Heap after GC invocations=79 (full 4):
 PSYoungGen      total 409600K, used 5983K [0x00000000e0000000, 0x00000000fde00000, 0x0000000100000000)
  eden space 373248K, 0% used [0x00000000e0000000,0x00000000e0000000,0x00000000f6c80000)
  from space 36352K, 16% used [0x00000000f6c80000,0x00000000f7257ce0,0x00000000f9000000)
  to   space 36352K, 0% used [0x00000000fba80000,0x00000000fba80000,0x00000000fde00000)
 ParOldGen       total 179200K, used 92941K [0x00000000a0000000, 0x00000000aaf00000, 0x00000000e0000000)
  object space 179200K, 51% used [0x00000000a0000000,0x00000000a5ac34a8,0x00000000aaf00000)
 Metaspace       used 102133K, capacity 109875K, committed 110028K, reserved 1144832K
  class space    used 12651K, capacity 14013K, committed 14080K, reserved 1048576K
}
Event: 18921.288 GC heap before
{Heap before GC invocations=80 (full 4):
 PSYoungGen      total 409600K, used 378641K [0x00000000e0000000, 0x00000000fde00000, 0x0000000100000000)
  eden space 373248K, 99% used [0x00000000e0000000,0x00000000f6bec800,0x00000000f6c80000)
  from space 36352K, 16% used [0x00000000f6c80000,0x00000000f7257ce0,0x00000000f9000000)
  to   space 36352K, 0% used [0x00000000fba80000,0x00000000fba80000,0x00000000fde00000)
 ParOldGen       total 179200K, used 92941K [0x00000000a0000000, 0x00000000aaf00000, 0x00000000e0000000)
  object space 179200K, 51% used [0x00000000a0000000,0x00000000a5ac34a8,0x00000000aaf00000)
 Metaspace       used 102142K, capacity 109875K, committed 110028K, reserved 1144832K
  class space    used 12651K, capacity 14013K, committed 14080K, reserved 1048576K
Event: 18921.296 GC heap after
Heap after GC invocations=80 (full 4):
 PSYoungGen      total 453120K, used 5582K [0x00000000e0000000, 0x00000000fe000000, 0x0000000100000000)
  eden space 416768K, 0% used [0x00000000e0000000,0x00000000e0000000,0x00000000f9700000)
  from space 36352K, 15% used [0x00000000fba80000,0x00000000fbff3b80,0x00000000fde00000)
  to   space 36352K, 0% used [0x00000000f9700000,0x00000000f9700000,0x00000000fba80000)
 ParOldGen       total 179200K, used 93449K [0x00000000a0000000, 0x00000000aaf00000, 0x00000000e0000000)
  object space 179200K, 52% used [0x00000000a0000000,0x00000000a5b424c8,0x00000000aaf00000)
 Metaspace       used 102142K, capacity 109875K, committed 110028K, reserved 1144832K
  class space    used 12651K, capacity 14013K, committed 14080K, reserved 1048576K
}
Event: 19170.512 GC heap before
{Heap before GC invocations=81 (full 4):
 PSYoungGen      total 453120K, used 422350K [0x00000000e0000000, 0x00000000fe000000, 0x0000000100000000)
  eden space 416768K, 100% used [0x00000000e0000000,0x00000000f9700000,0x00000000f9700000)
  from space 36352K, 15% used [0x00000000fba80000,0x00000000fbff3b80,0x00000000fde00000)
  to   space 36352K, 0% used [0x00000000f9700000,0x00000000f9700000,0x00000000fba80000)
 ParOldGen       total 179200K, used 93449K [0x00000000a0000000, 0x00000000aaf00000, 0x00000000e0000000)
  object space 179200K, 52% used [0x00000000a0000000,0x00000000a5b424c8,0x00000000aaf00000)
 Metaspace       used 102327K, capacity 110139K, committed 110284K, reserved 1144832K
  class space    used 12663K, capacity 14033K, committed 14080K, reserved 1048576K
Event: 19170.525 GC heap after
Heap after GC invocations=81 (full 4):
 PSYoungGen      total 453120K, used 6969K [0x00000000e0000000, 0x00000000fff00000, 0x0000000100000000)
  eden space 416768K, 0% used [0x00000000e0000000,0x00000000e0000000,0x00000000f9700000)
  from space 36352K, 19% used [0x00000000f9700000,0x00000000f9dce7b8,0x00000000fba80000)
  to   space 35840K, 0% used [0x00000000fdc00000,0x00000000fdc00000,0x00000000fff00000)
 ParOldGen       total 179200K, used 94049K [0x00000000a0000000, 0x00000000aaf00000, 0x00000000e0000000)
  object space 179200K, 52% used [0x00000000a0000000,0x00000000a5bd8598,0x00000000aaf00000)
 Metaspace       used 102327K, capacity 110139K, committed 110284K, reserved 1144832K
  class space    used 12663K, capacity 14033K, committed 14080K, reserved 1048576K
}
Event: 19173.790 GC heap before
{Heap before GC invocations=82 (full 4):
 PSYoungGen      total 453120K, used 423737K [0x00000000e0000000, 0x00000000fff00000, 0x0000000100000000)
  eden space 416768K, 100% used [0x00000000e0000000,0x00000000f9700000,0x00000000f9700000)
  from space 36352K, 19% used [0x00000000f9700000,0x00000000f9dce7b8,0x00000000fba80000)
  to   space 35840K, 0% used [0x00000000fdc00000,0x00000000fdc00000,0x00000000fff00000)
 ParOldGen       total 179200K, used 94049K [0x00000000a0000000, 0x00000000aaf00000, 0x00000000e0000000)
  object space 179200K, 52% used [0x00000000a0000000,0x00000000a5bd8598,0x00000000aaf00000)
 Metaspace       used 102331K, capacity 110145K, committed 110284K, reserved 1144832K
  class space    used 12663K, capacity 14034K, committed 14080K, reserved 1048576K
Event: 19173.809 GC heap after
Heap after GC invocations=82 (full 4):
 PSYoungGen      total 487424K, used 3274K [0x00000000e0000000, 0x00000000ffe80000, 0x0000000100000000)
  eden space 452096K, 0% used [0x00000000e0000000,0x00000000e0000000,0x00000000fb980000)
  from space 35328K, 9% used [0x00000000fdc00000,0x00000000fdf32868,0x00000000ffe80000)
  to   space 35328K, 0% used [0x00000000fb980000,0x00000000fb980000,0x00000000fdc00000)
 ParOldGen       total 179200K, used 98640K [0x00000000a0000000, 0x00000000aaf00000, 0x00000000e0000000)
  object space 179200K, 55% used [0x00000000a0000000,0x00000000a60541e0,0x00000000aaf00000)
 Metaspace       used 102331K, capacity 110145K, committed 110284K, reserved 1144832K
  class space    used 12663K, capacity 14034K, committed 14080K, reserved 1048576K
}

